0 info it worked if it ends with ok
1 verbose cli [ '/usr/local/bin/node',
1 verbose cli   '/usr/local/bin/npm',
1 verbose cli   'install',
1 verbose cli   '--save',
1 verbose cli   'asyncoi' ]
2 info using npm@1.4.28
3 info using node@v0.10.34
4 verbose cache add [ 'asyncoi', null ]
5 verbose cache add name=undefined spec="asyncoi" args=["asyncoi",null]
6 verbose parsed url { protocol: null,
6 verbose parsed url   slashes: null,
6 verbose parsed url   auth: null,
6 verbose parsed url   host: null,
6 verbose parsed url   port: null,
6 verbose parsed url   hostname: null,
6 verbose parsed url   hash: null,
6 verbose parsed url   search: null,
6 verbose parsed url   query: null,
6 verbose parsed url   pathname: 'asyncoi',
6 verbose parsed url   path: 'asyncoi',
6 verbose parsed url   href: 'asyncoi' }
7 silly lockFile e5dd32a6-asyncoi asyncoi
8 verbose lock asyncoi /Users/aguevara/.npm/e5dd32a6-asyncoi.lock
9 silly lockFile e5dd32a6-asyncoi asyncoi
10 silly lockFile e5dd32a6-asyncoi asyncoi
11 verbose addNamed [ 'asyncoi', '' ]
12 verbose addNamed [ null, '*' ]
13 silly lockFile 497adeb2-asyncoi asyncoi@
14 verbose lock asyncoi@ /Users/aguevara/.npm/497adeb2-asyncoi.lock
15 silly addNameRange { name: 'asyncoi', range: '*', hasData: false }
16 verbose request where is /asyncoi
17 verbose request registry https://registry.npmjs.org/
18 verbose request id 38c1197ad0f9c85b
19 verbose url raw /asyncoi
20 verbose url resolving [ 'https://registry.npmjs.org/', './asyncoi' ]
21 verbose url resolved https://registry.npmjs.org/asyncoi
22 verbose request where is https://registry.npmjs.org/asyncoi
23 info trying registry request attempt 1 at 20:36:03
24 http GET https://registry.npmjs.org/asyncoi
25 http 404 https://registry.npmjs.org/asyncoi
26 silly registry.get cb [ 404,
26 silly registry.get   { 'content-type': 'application/json',
26 silly registry.get     'cache-control': 'max-age=0',
26 silly registry.get     'content-length': '2',
26 silly registry.get     'accept-ranges': 'bytes',
26 silly registry.get     date: 'Tue, 16 Feb 2016 01:33:56 GMT',
26 silly registry.get     via: '1.1 varnish',
26 silly registry.get     age: '0',
26 silly registry.get     connection: 'keep-alive',
26 silly registry.get     'x-served-by': 'cache-jfk1042-JFK',
26 silly registry.get     'x-cache': 'MISS',
26 silly registry.get     'x-cache-hits': '0',
26 silly registry.get     'x-timer': 'S1455586436.422664,VS0,VE89' } ]
27 silly lockFile 497adeb2-asyncoi asyncoi@
28 silly lockFile 497adeb2-asyncoi asyncoi@
29 error 404 Not Found
29 error 404
29 error 404 'asyncoi' is not in the npm registry.
29 error 404 You should bug the author to publish it
29 error 404
29 error 404 Note that you can also install from a
29 error 404 tarball, folder, or http url, or git url.
30 error System Darwin 15.0.0
31 error command "/usr/local/bin/node" "/usr/local/bin/npm" "install" "--save" "asyncoi"
32 error cwd /Users/aguevara/sh
33 error node -v v0.10.34
34 error npm -v 1.4.28
35 error code E404
36 verbose exit [ 1, true ]
